2022-01-14 12:19:35,458:INFO:Creating Agent ... 
2022-01-14 12:19:39,849:INFO:Agent setup completed.
2022-01-14 12:19:39,850:INFO:Agent created succesfully.
2022-01-14 12:20:20,418:INFO:Agent finished.
2022-01-14 12:22:44,042:INFO:Creating Agent ... 
2022-01-14 12:22:44,995:INFO:Agent setup completed.
2022-01-14 12:22:44,997:INFO:Agent created succesfully.
2022-01-14 12:22:52,361:INFO:Agent finished.
2022-01-14 12:23:25,361:INFO:Creating Agent ... 
2022-01-14 12:23:29,005:INFO:Agent setup completed.
2022-01-14 12:23:29,006:INFO:Agent created succesfully.
2022-01-14 12:23:36,742:INFO:Agent finished.
2022-01-14 12:28:04,566:INFO:Creating Agent ... 
2022-01-14 12:28:05,547:INFO:Agent setup completed.
2022-01-14 12:28:05,549:INFO:Agent created succesfully.
2022-01-14 12:28:17,244:INFO:Message received with content: qr www.twitter.com
2022-01-14 12:28:27,288:INFO:Agent finished.
2022-01-14 12:29:11,729:INFO:Creating Agent ... 
2022-01-14 12:29:12,757:INFO:Agent setup completed.
2022-01-14 12:29:12,759:INFO:Agent created succesfully.
2022-01-14 12:29:33,253:INFO:Message received with content: qr for www.google.es
2022-01-14 12:31:21,831:INFO:Agent finished.
2022-01-14 12:31:26,843:INFO:Creating Agent ... 
2022-01-14 12:31:27,376:INFO:Agent setup completed.
2022-01-14 12:31:27,377:INFO:Agent created succesfully.
2022-01-14 12:31:35,270:INFO:Message received with content: qr www.google.es
2022-01-14 12:31:35,329:INFO:QR Code generated and sent to client.
2022-01-14 12:31:58,941:INFO:Message received with content: qr www.google.es
2022-01-14 12:32:15,949:INFO:Message received with content: qr www.twitter.es
2022-01-14 12:32:42,259:INFO:Agent finished.
2022-01-14 12:41:43,104:INFO:Creating Agent ... 
2022-01-14 12:41:45,905:INFO:Agent setup completed.
2022-01-14 12:41:45,906:INFO:Agent created succesfully.
2022-01-14 12:42:01,167:INFO:Message received with content: Could you make a qr for www.google.es please?
2022-01-14 12:42:01,382:INFO:QR Code generated and sent to client.
2022-01-14 12:42:40,252:INFO:Agent finished.
2022-01-14 12:44:01,879:INFO:Creating Agent ... 
2022-01-14 12:44:02,763:INFO:Agent setup completed.
2022-01-14 12:44:02,764:INFO:Agent created succesfully.
2022-01-14 12:44:12,124:INFO:Message received with content: 'hazme un qr'
2022-01-14 12:45:31,964:INFO:Agent finished.
2022-01-14 12:45:33,071:INFO:Creating Agent ... 
2022-01-14 12:45:34,914:INFO:Agent setup completed.
2022-01-14 12:45:34,914:INFO:Agent created succesfully.
2022-01-14 12:45:39,200:INFO:Message received with content: 'qr'
2022-01-14 12:46:19,251:INFO:Agent finished.
2022-01-14 12:47:12,119:INFO:Creating Agent ... 
2022-01-14 12:47:15,142:INFO:Agent setup completed.
2022-01-14 12:47:15,143:INFO:Agent created succesfully.
2022-01-14 12:47:21,687:INFO:Message received with content: 'qr'
2022-01-14 12:47:22,262:WARNING:No URL detected. Sent warning message.
2022-01-14 12:47:28,828:INFO:Message received with content: 'qr pls'
2022-01-14 12:49:02,142:INFO:Agent finished.
2022-01-14 12:49:03,444:INFO:Creating Agent ... 
2022-01-14 12:49:06,612:INFO:Agent setup completed.
2022-01-14 12:49:06,613:DEBUG:Waiting for commands...
2022-01-14 12:49:06,613:INFO:Agent created succesfully.
2022-01-14 12:49:10,773:INFO:Message received with content: 'qr tio'
2022-01-14 12:49:10,775:DEBUG:Waiting for commands...
2022-01-14 12:49:10,839:WARNING:No URL detected. Sent warning message.
2022-01-14 12:49:13,895:INFO:Message received with content: 'qr bro'
2022-01-14 12:49:13,896:DEBUG:Waiting for commands...
2022-01-14 12:52:41,001:INFO:Agent finished.
2022-01-14 12:52:42,794:INFO:Creating Agent ... 
2022-01-14 12:52:45,970:INFO:Agent setup completed.
2022-01-14 12:52:45,971:DEBUG:Waiting for commands...
2022-01-14 12:52:45,971:INFO:Agent created succesfully.
2022-01-14 12:52:50,432:INFO:Message received with content: 'qr tio'
2022-01-14 12:52:50,435:DEBUG:Waiting for commands...
2022-01-14 12:52:51,043:WARNING:No URL detected. Sent warning message.
2022-01-14 12:52:52,902:INFO:Message received with content: 'qr bro'
2022-01-14 12:52:52,902:DEBUG:Waiting for commands...
2022-01-14 12:53:04,875:INFO:Message received with content: 'qr co単o'
2022-01-14 12:53:04,876:DEBUG:Waiting for commands...
2022-01-14 12:53:18,676:INFO:Message received with content: 'mandame un qr o te mato'
2022-01-14 12:53:18,677:DEBUG:Waiting for commands...
2022-01-14 12:53:22,503:INFO:Agent finished.
2022-01-14 12:53:57,199:INFO:Creating Agent ... 
2022-01-14 12:54:00,636:INFO:Agent setup completed.
2022-01-14 12:54:00,637:DEBUG:Waiting for commands...
2022-01-14 12:54:00,637:INFO:Agent created succesfully.
2022-01-14 12:54:07,645:INFO:Message received with content: 'qr aheh'
2022-01-14 12:54:07,647:DEBUG:Waiting for commands...
2022-01-14 12:54:08,221:WARNING:No URL detected. Sent warning message.
2022-01-14 12:54:10,539:INFO:Message received with content: 'qr dios'
2022-01-14 12:54:10,539:DEBUG:Waiting for commands...
2022-01-14 12:54:22,362:INFO:Message received with content: 'qr aklfj単la'
2022-01-14 12:54:22,363:DEBUG:Waiting for commands...
2022-01-14 12:54:25,008:INFO:Agent finished.
2022-01-14 13:05:08,164:INFO:Creating Agent ... 
2022-01-14 13:07:50,776:INFO:Creating Agent ... 
2022-01-14 13:08:10,485:INFO:Creating Agent ... 
2022-01-14 13:08:14,405:INFO:Agent setup completed.
2022-01-14 13:08:14,406:INFO:Agent created succesfully.
2022-01-14 13:08:14,406:DEBUG:Waiting for commands...
2022-01-14 13:08:18,447:INFO:Message received with content: 'qr bro'
2022-01-14 13:08:18,449:DEBUG:Waiting for commands...
2022-01-14 13:08:18,718:WARNING:No URL detected. Sent warning message.
2022-01-14 13:08:21,282:INFO:Message received with content: 'qr conio'
2022-01-14 13:08:21,287:DEBUG:Waiting for commands...
2022-01-14 13:08:21,893:WARNING:No URL detected. Sent warning message.
2022-01-14 13:08:24,802:INFO:Message received with content: 'qr porfaaaaaaaaa'
2022-01-14 13:08:24,802:DEBUG:Waiting for commands...
2022-01-14 13:08:24,952:WARNING:No URL detected. Sent warning message.
2022-01-14 13:08:31,115:INFO:Message received with content: 'qr par twitter.com'
2022-01-14 13:08:31,116:DEBUG:Waiting for commands...
2022-01-14 13:08:31,710:WARNING:No URL detected. Sent warning message.
2022-01-14 13:08:38,690:INFO:Message received with content: 'qr para www.twitter.com'
2022-01-14 13:08:38,690:DEBUG:Waiting for commands...
2022-01-14 13:08:39,082:INFO:QR Code generated and sent to client.
2022-01-14 13:10:48,071:INFO:Agent finished.
2022-01-14 13:11:07,816:INFO:Creating Agent ... 
2022-01-14 13:11:09,593:INFO:Agent setup completed.
2022-01-14 13:11:09,594:DEBUG:Waiting for commands...
2022-01-14 13:11:09,595:INFO:Agent created succesfully.
2022-01-14 13:11:22,619:INFO:Message received with content: 'qr www.google.es'
2022-01-14 13:11:22,622:DEBUG:Waiting for commands...
2022-01-14 13:11:22,729:INFO:QR Code generated and sent to client.
2022-01-14 13:11:54,944:INFO:Agent finished.
2022-01-14 13:11:56,387:INFO:Creating Agent ... 
2022-01-14 13:11:59,675:INFO:Agent setup completed.
2022-01-14 13:11:59,676:DEBUG:Waiting for commands...
2022-01-14 13:11:59,676:INFO:Agent created succesfully.
2022-01-14 13:12:07,890:INFO:Message received with content: 'qr www.google.es'
2022-01-14 13:12:07,894:DEBUG:Waiting for commands...
2022-01-14 13:12:08,233:INFO:QR Code generated and sent to client.
2022-01-14 13:12:52,327:INFO:Message received with content: 'qr www.google.es'
2022-01-14 13:12:52,328:DEBUG:Waiting for commands...
2022-01-14 13:12:52,720:INFO:QR Code generated and sent to client.
2022-01-14 13:14:37,190:INFO:Message received with content: 'qr www.google.es'
2022-01-14 13:14:37,191:DEBUG:Waiting for commands...
2022-01-14 13:14:37,249:INFO:QR Code generated and sent to client.
2022-01-14 13:15:23,346:INFO:Message received with content: 'qr www.google.es'
2022-01-14 13:15:23,346:DEBUG:Waiting for commands...
2022-01-14 13:15:23,445:INFO:QR Code generated and sent to client.
2022-01-14 13:15:44,358:INFO:Message received with content: 'qr www.google.es'
2022-01-14 13:15:44,358:DEBUG:Waiting for commands...
2022-01-14 13:15:44,649:INFO:QR Code generated and sent to client.
2022-01-14 13:17:07,424:INFO:Message received with content: 'qr www.google.es'
2022-01-14 13:17:07,424:DEBUG:Waiting for commands...
2022-01-14 13:17:07,485:INFO:QR Code generated and sent to client.
2022-01-14 13:17:46,728:INFO:Message received with content: 'qr www.google.es'
2022-01-14 13:17:46,728:DEBUG:Waiting for commands...
2022-01-14 13:17:46,942:INFO:QR Code generated and sent to client.
2022-01-14 13:18:18,056:INFO:Message received with content: 'qr www.google.es'
2022-01-14 13:18:18,057:DEBUG:Waiting for commands...
2022-01-14 13:18:18,156:INFO:QR Code generated and sent to client.
2022-01-14 13:18:36,301:INFO:Message received with content: 'qr www.twitter.es'
2022-01-14 13:18:36,301:DEBUG:Waiting for commands...
2022-01-14 13:18:36,598:INFO:QR Code generated and sent to client.
2022-01-14 13:23:53,525:INFO:Agent finished.
2022-01-14 13:23:54,348:INFO:Creating Agent ... 
2022-01-14 13:23:55,678:INFO:Agent setup completed.
2022-01-14 13:23:55,679:DEBUG:Waiting for commands...
2022-01-14 13:23:55,679:INFO:Agent created succesfully.
2022-01-14 13:24:00,492:INFO:Message received with content: 'qr www.google.es'
2022-01-14 13:24:00,495:DEBUG:Waiting for commands...
2022-01-14 13:25:13,795:INFO:Agent finished.
2022-01-14 13:25:17,322:INFO:Creating Agent ... 
2022-01-14 13:25:21,084:INFO:Agent setup completed.
2022-01-14 13:25:21,085:DEBUG:Waiting for commands...
2022-01-14 13:25:21,085:INFO:Agent created succesfully.
2022-01-14 13:25:24,363:INFO:Message received with content: 'qr www.google.es'
2022-01-14 13:25:24,366:DEBUG:Waiting for commands...
2022-01-14 13:25:26,558:INFO:Agent finished.
2022-01-14 13:25:34,623:INFO:Creating Agent ... 
2022-01-14 13:25:37,366:INFO:Agent setup completed.
2022-01-14 13:25:37,366:INFO:Agent created succesfully.
2022-01-14 13:25:37,367:DEBUG:Waiting for commands...
2022-01-14 13:25:40,017:INFO:Message received with content: 'qr www.google.es'
2022-01-14 13:25:40,020:DEBUG:Waiting for commands...
2022-01-14 13:25:42,154:INFO:Agent finished.
2022-01-14 13:26:46,545:INFO:Creating Agent ... 
2022-01-14 13:26:54,362:INFO:Agent setup completed.
2022-01-14 13:26:54,363:DEBUG:Waiting for commands...
2022-01-14 13:26:54,364:INFO:Agent created succesfully.
2022-01-14 13:26:55,789:INFO:Message received with content: 'qr www.google.es'
2022-01-14 13:26:55,792:DEBUG:Waiting for commands...
2022-01-14 13:26:55,847:INFO:QR Code generated and sent to client.
2022-01-14 13:31:23,718:INFO:Agent finished.
2022-01-14 13:31:24,611:INFO:Creating Agent ... 
2022-01-14 13:31:25,116:INFO:Agent setup completed.
2022-01-14 13:31:25,117:DEBUG:Waiting for commands...
2022-01-14 13:31:25,117:INFO:Agent created succesfully.
2022-01-14 13:31:29,335:INFO:Message received with content: 'qr www.google.es'
2022-01-14 13:31:29,337:DEBUG:Waiting for commands...
2022-01-14 13:31:33,903:INFO:Agent finished.
2022-01-14 13:32:30,166:INFO:Creating Agent ... 
2022-01-14 13:32:33,132:INFO:Agent setup completed.
2022-01-14 13:32:33,132:INFO:Agent created succesfully.
2022-01-14 13:32:33,133:DEBUG:Waiting for commands...
2022-01-14 13:32:37,025:INFO:Message received with content: 'qr www.google.es'
2022-01-14 13:32:37,027:DEBUG:Waiting for commands...
2022-01-14 13:32:39,546:INFO:Agent finished.
2022-01-14 13:33:37,693:INFO:Creating Agent ... 
2022-01-14 13:33:40,648:INFO:Agent setup completed.
2022-01-14 13:33:40,648:INFO:Agent created succesfully.
2022-01-14 13:33:40,649:DEBUG:Waiting for commands...
2022-01-14 13:33:46,455:INFO:Message received with content: 'qr www.google.es'
2022-01-14 13:33:46,457:DEBUG:Waiting for commands...
2022-01-14 13:33:46,531:INFO:QR Code generated and sent to client.
2022-01-14 13:34:17,177:INFO:Message received with content: 'qr www.google.es'
2022-01-14 13:34:17,177:DEBUG:Waiting for commands...
2022-01-14 13:34:17,295:INFO:QR Code generated and sent to client.
2022-01-14 13:37:53,127:INFO:Message received with content: 'qr www.google.es'
2022-01-14 13:37:53,128:DEBUG:Waiting for commands...
2022-01-14 13:37:53,192:INFO:QR Code generated and sent to client.
2022-01-14 13:41:19,191:INFO:Agent finished.
2022-01-14 13:41:21,640:INFO:Creating Agent ... 
2022-01-14 13:41:25,768:INFO:Agent setup completed.
2022-01-14 13:41:25,768:DEBUG:Waiting for commands...
2022-01-14 13:41:25,768:INFO:Agent created succesfully.
2022-01-14 13:41:28,877:INFO:Message received with content: 'qr www.google.es'
2022-01-14 13:41:28,880:DEBUG:Waiting for commands...
2022-01-14 14:06:05,945:INFO:Agent finished.
2022-01-14 14:18:45,135:INFO:Creating Agent ... 
2022-01-14 14:18:47,309:INFO:Agent setup completed.
2022-01-14 14:18:47,311:DEBUG:Waiting for commands...
2022-01-14 14:18:47,311:INFO:Agent created succesfully.
2022-01-14 14:18:53,803:INFO:Message received with content: 'qr www.google.es'
2022-01-14 14:18:53,806:DEBUG:Waiting for commands...
2022-01-14 14:18:54,003:INFO:QR Code generated and sent to client.
2022-01-14 14:19:04,129:INFO:Message received with content: 'qr klsja単'
2022-01-14 14:19:04,130:DEBUG:Waiting for commands...
2022-01-14 14:19:04,190:WARNING:No URL detected. Sent warning message.
2022-01-14 14:19:06,977:INFO:Message received with content: 'qr'
2022-01-14 14:19:06,983:DEBUG:Waiting for commands...
2022-01-14 14:19:07,035:WARNING:No URL detected. Sent warning message.
2022-01-14 14:43:01,398:INFO:Agent finished.
2022-01-14 14:43:02,474:INFO:Creating Agent ... 
2022-01-14 14:43:04,207:INFO:Agent setup completed.
2022-01-14 14:43:04,208:INFO:Agent created succesfully.
2022-01-14 14:43:04,209:DEBUG:Waiting for commands...
2022-01-14 14:43:18,238:INFO:Message received with content: 'whats the weather in Ciudad Real'. Running Weather Report behaviour.
2022-01-14 14:43:18,238:DEBUG:Waiting for commands...
2022-01-14 14:43:18,747:INFO:Weather report retrieved and sent to client.
2022-01-14 14:43:33,905:INFO:Message received with content: 'weather A SDFA'. Running Weather Report behaviour.
2022-01-14 14:43:33,906:DEBUG:Waiting for commands...
2022-01-14 14:43:34,107:WARNING:No city detected. Sent warning message.
2022-01-14 14:43:56,410:INFO:Message received with content: 'weather A Coru単a'. Running Weather Report behaviour.
2022-01-14 14:43:56,411:DEBUG:Waiting for commands...
2022-01-14 14:43:56,732:INFO:Weather report retrieved and sent to client.
2022-01-14 14:44:13,945:INFO:Message received with content: 'weather Corunha'. Running Weather Report behaviour.
2022-01-14 14:44:13,945:DEBUG:Waiting for commands...
2022-01-14 14:44:14,454:INFO:Weather report retrieved and sent to client.
2022-01-14 14:44:27,972:INFO:Message received with content: 'weather Pero What'. Running Weather Report behaviour.
2022-01-14 14:44:27,973:DEBUG:Waiting for commands...
2022-01-14 14:44:28,381:ERROR:Response code different to 200.
2022-01-14 14:44:28,382:ERROR:An unexpected error ocurred while retrieving weather data.
2022-01-14 14:44:28,482:INFO:Weather report retrieved and sent to client.
2022-01-14 15:36:58,322:INFO:Agent finished.
2022-01-14 15:52:44,126:INFO:Creating Agent ... 
2022-01-14 15:54:02,752:INFO:Creating Agent ... 
2022-01-14 15:54:03,767:INFO:Agent setup completed.
2022-01-14 15:54:03,768:INFO:Agent created succesfully.
2022-01-14 15:54:03,768:DEBUG:Waiting for commands...
2022-01-14 15:54:11,740:INFO:Message received with content: 'whats the time'. Running Show Time behaviour.
2022-01-14 15:54:11,740:DEBUG:Waiting for commands...
2022-01-14 15:54:11,941:INFO:Current time sent.
2022-01-14 15:55:03,761:INFO:Termination message received. Terminating...
2022-01-14 15:55:04,833:INFO:Agent finished.
2022-01-14 15:55:07,405:INFO:Creating Agent ... 
2022-01-14 15:55:08,878:INFO:Agent setup completed.
2022-01-14 15:55:08,879:DEBUG:Waiting for commands...
2022-01-14 15:55:08,880:INFO:Agent created succesfully.
2022-01-14 15:55:13,283:INFO:Message received with content: 'whats the time'. Running Show Time behaviour.
2022-01-14 15:55:13,284:DEBUG:Waiting for commands...
2022-01-14 15:55:13,483:INFO:Current time sent.
2022-01-14 15:55:50,148:INFO:Message received with content: 'tell me the weather in Madrid'. Running Weather Report behaviour.
2022-01-14 15:55:50,149:DEBUG:Waiting for commands...
2022-01-14 15:55:50,673:INFO:Weather report retrieved and sent to client.
2022-01-14 15:56:09,444:INFO:Message received with content: 'and what about to create a file, maybe hola.txt'. Running Create File behaviour.
2022-01-14 15:56:09,445:DEBUG:Waiting for commands...
2022-01-14 15:56:09,499:DEBUG:File hola.txt created. Informed the client about it.
2022-01-14 15:56:31,623:INFO:Message received with content: 'aaaaaand if i want to know about Pedro Pascal in wikipedia?'. Running Person Info search.
2022-01-14 15:56:31,623:DEBUG:Waiting for commands...
2022-01-14 15:56:31,821:WARNING:No search parameter detected. Sent warning message.
2022-01-14 15:57:11,820:INFO:Agent finished.
2022-01-14 15:57:13,993:INFO:Creating Agent ... 
2022-01-14 15:57:15,563:INFO:Agent setup completed.
2022-01-14 15:57:15,564:INFO:Agent created succesfully.
2022-01-14 15:57:15,564:DEBUG:Waiting for commands...
2022-01-14 15:57:25,791:INFO:Message received with content: 'i want to know about Pedro Pascal in the wikipedia'. Running Person Info search.
2022-01-14 15:57:25,792:DEBUG:Waiting for commands...
2022-01-14 15:57:27,749:INFO:Search result found correctly.
2022-01-14 15:57:27,834:INFO:Search result sent.
2022-01-14 15:57:51,185:INFO:No function recognized in the command 'amazing'.
2022-01-14 15:57:51,371:DEBUG:Waiting for commands...
2022-01-14 15:59:17,878:INFO:Termination message received. Terminating...
2022-01-14 15:59:18,686:INFO:Agent finished.
2022-01-14 15:59:23,641:INFO:Creating Agent ... 
2022-01-14 15:59:25,290:INFO:Agent setup completed.
2022-01-14 15:59:25,292:INFO:Waiting for commands...
2022-01-14 15:59:25,292:INFO:Agent created succesfully.
2022-01-14 15:59:40,039:INFO:No function recognized in the command 'asdf'.
2022-01-14 15:59:40,239:INFO:Waiting for commands...
2022-01-14 15:59:54,374:INFO:No function recognized in the command 'well, i guess i have to go'.
2022-01-14 15:59:54,561:INFO:Waiting for commands...
2022-01-14 16:00:09,734:INFO:Message received with content: 'but first, i want a qr for my website'. Running QR Generator behaviour.
2022-01-14 16:00:09,737:INFO:Waiting for commands...
2022-01-14 16:00:09,936:WARNING:No URL detected. Sent warning message.
2022-01-14 16:00:25,991:INFO:Message received with content: 'ok ok, i want the qr for www.github.com, can i have it?'. Running QR Generator behaviour.
2022-01-14 16:00:25,991:INFO:Waiting for commands...
2022-01-14 16:00:26,217:INFO:QR Code generated and sent to client.
2022-01-14 16:12:14,054:INFO:Agent finished.
2022-01-14 16:14:23,095:INFO:Creating Agent ... 
2022-01-14 16:14:24,447:INFO:Agent setup completed.
2022-01-14 16:14:24,448:INFO:Waiting for commands...
2022-01-14 16:14:24,448:INFO:Agent created succesfully.
2022-01-14 16:15:20,267:INFO:Agent finished.
2022-01-14 16:15:22,114:INFO:Creating Agent ... 
2022-01-14 16:15:23,533:INFO:Agent setup completed.
2022-01-14 16:15:23,534:INFO:Waiting for commands...
2022-01-14 16:15:23,534:INFO:Agent created succesfully.
2022-01-14 16:18:10,887:INFO:Termination message received. Terminating...
2022-01-14 16:18:17,634:INFO:Agent finished.
2022-01-14 16:23:13,519:INFO:Creating Agent ... 
2022-01-14 16:23:15,242:INFO:Agent setup completed.
2022-01-14 16:23:15,243:INFO:Waiting for commands...
2022-01-14 16:23:15,243:INFO:Agent created succesfully.
2022-01-14 16:23:18,828:INFO:Termination message received. Terminating...
2022-01-14 16:23:19,248:INFO:Agent finished.
